TN:
SF:src/config.ts
FNF:0
FNH:0
DA:1,2
DA:3,2
LF:2
LH:2
BRF:0
BRH:0
end_of_record
TN:
SF:src/helpers.ts
FN:4,(anonymous_0)
FN:8,(anonymous_1)
FN:12,(anonymous_2)
FN:24,(anonymous_3)
FNF:4
FNH:4
FNDA:14,(anonymous_0)
FNDA:5,(anonymous_1)
FNDA:16,(anonymous_2)
FNDA:5,(anonymous_3)
DA:1,2
DA:4,2
DA:5,14
DA:8,2
DA:9,5
DA:12,2
DA:13,16
DA:14,4
DA:17,12
DA:18,2
DA:21,10
DA:24,2
DA:25,5
LF:13
LH:13
BRDA:13,0,0,4
BRDA:13,1,0,16
BRDA:13,1,1,14
BRDA:17,2,0,2
BRDA:17,3,0,12
BRDA:17,3,1,5
BRF:6
BRH:6
end_of_record
TN:
SF:src/services/public-holidays.service.ts
FN:8,(anonymous_1)
FN:15,(anonymous_2)
FN:21,(anonymous_3)
FN:32,(anonymous_4)
FN:39,(anonymous_5)
FNF:5
FNH:5
FNDA:5,(anonymous_1)
FNDA:2,(anonymous_2)
FNDA:4,(anonymous_3)
FNDA:4,(anonymous_4)
FNDA:2,(anonymous_5)
DA:1,1
DA:2,1
DA:3,1
DA:8,1
DA:9,5
DA:11,3
DA:12,3
DA:15,3
DA:17,1
DA:21,1
DA:22,4
DA:24,3
DA:25,3
DA:26,3
DA:28,0
DA:32,1
DA:33,4
DA:35,3
DA:36,3
DA:39,3
DA:41,1
LF:21
LH:20
BRF:0
BRH:0
end_of_record
